Regions: 

- Solver::Solve
 (REGION)   0.922019 1 0.922019 109.524284 83.482187
- Solver::TakeStep
 (REGION)   0.911527 91 0.010017 108.278013 82.532247
- Solver::evalRHS
 (REGION)   0.904421 455 0.001988 107.433873 81.888823
- Stencil::Stencil
 (REGION)   0.177468 1 0.177468 21.080978 16.068456
- Solver::setFaceBCs
 (REGION)   0.031989 455 0.000070 3.799932 2.896404
- Solver::setCellBCs
 (REGION)   0.020351 455 0.000045 2.417464 1.842652
- Solver::evalAuxiliary
 (REGION)   0.000081 6 0.000013 0.009573 0.007296
- Solver::setIC
 (REGION)   0.000069 1 0.000069 0.008213 0.006260

-------------------------------------------------------------------------
Kernels: 

- FaceRecon
 (ParFor)   0.623898 455 0.001371 74.111198 56.489435
- PosPres
 (ParFor)   0.049868 455 0.000110 5.923733 4.515220
- RiemannSolver::NS
 (ParRed)   0.043240 455 0.000095 5.136349 3.915056
- RiemannSolver::EW
 (ParRed)   0.042771 455 0.000094 5.080613 3.872572
- IntegrateFlux
 (ParFor)   0.017412 455 0.000038 2.068321 1.576527
- Kokkos::View::initialization [StenWork] via memset
 (ParFor)   0.012239 455 0.000027 1.453894 1.108195
- FaceBCs::West::Outflow
 (ParFor)   0.011853 455 0.000026 1.407957 1.073180
- FaceBCs::East::Outflow
 (ParFor)   0.006189 455 0.000014 0.735160 0.560358
- FaceBCs::South::Outflow
 (ParFor)   0.005509 455 0.000012 0.654360 0.498770
- FaceBCs::North::Outflow
 (ParFor)   0.005253 455 0.000012 0.623971 0.475607
- CellBCs::North
 (ParFor)   0.004970 455 0.000011 0.590411 0.450026
- CellBCs::West
 (ParFor)   0.004830 455 0.000011 0.573730 0.437311
- CellBCs::East
 (ParFor)   0.004394 455 0.000010 0.521902 0.397807
- CellBCs::South
 (ParFor)   0.003859 455 0.000008 0.458434 0.349430
- RKStage_5
 (ParFor)   0.001412 91 0.000016 0.167746 0.127860
- RKStage_1
 (ParFor)   0.001123 91 0.000012 0.133393 0.101675
- RKStage_4
 (ParFor)   0.000915 91 0.000010 0.108725 0.082873
- RKStage_3
 (ParFor)   0.000908 91 0.000010 0.107875 0.082225
- RKStage_2
 (ParFor)   0.000906 91 0.000010 0.107592 0.082009
- AuxVars
 (ParFor)   0.000064 6 0.000011 0.007618 0.005807
- IntegrateIC
 (ParFor)   0.000061 1 0.000061 0.007250 0.005526
- Kokkos::View::initialization [FaceVals::xDir] via memset
 (ParFor)   0.000018 2 0.000009 0.002124 0.001619
- Kokkos::View::initialization [U] via memset
 (ParFor)   0.000016 1 0.000016 0.001898 0.001446
- Kokkos::View::initialization [Physics::BCCoeffs::Reflect::x] via memset
 (ParFor)   0.000009 1 0.000009 0.001048 0.000799
- Kokkos::View::initialization [Stencil::faceWeights] via memset
 (ParFor)   0.000008 1 0.000008 0.000963 0.000734
- Kokkos::View::initialization [U_stage3] via memset
 (ParFor)   0.000008 1 0.000008 0.000963 0.000734
- Kokkos::View::initialization [QuadRuleAbscissae] via memset
 (ParFor)   0.000008 1 0.000008 0.000963 0.000734
- Kokkos::View::initialization [U_stage1] via memset
 (ParFor)   0.000007 1 0.000007 0.000850 0.000648
- Kokkos::View::initialization [U_aux] via memset
 (ParFor)   0.000007 1 0.000007 0.000850 0.000648
- Kokkos::View::initialization [Stencil::derivWeights] via memset
 (ParFor)   0.000007 1 0.000007 0.000850 0.000648
- Kokkos::View::initialization [U_stage2] via memset
 (ParFor)   0.000007 1 0.000007 0.000821 0.000626
- Kokkos::View::initialization [RHS] via memset
 (ParFor)   0.000007 1 0.000007 0.000821 0.000626
- Kokkos::View::initialization [Stencil::lOff] via memset
 (ParFor)   0.000006 1 0.000006 0.000736 0.000561
- Kokkos::View::initialization [Stencil::ttOff] via memset
 (ParFor)   0.000006 1 0.000006 0.000708 0.000540
- Kokkos::View::initialization [Stencil::tOff] via memset
 (ParFor)   0.000006 1 0.000006 0.000708 0.000540
- Kokkos::View::initialization [U_stage4] via memset
 (ParFor)   0.000006 1 0.000006 0.000708 0.000540
- Kokkos::View::initialization [RHS_til] via memset
 (ParFor)   0.000006 1 0.000006 0.000708 0.000540
- Kokkos::View::initialization [QuadRuleWeights] via memset
 (ParFor)   0.000005 1 0.000005 0.000595 0.000453
- Kokkos::View::initialization [Physics::BCCoeffs::Reflect::z] via memset
 (ParFor)   0.000005 1 0.000005 0.000595 0.000453
- Kokkos::View::initialization [Stencil::subIdx] via memset
 (ParFor)   0.000005 1 0.000005 0.000595 0.000453
- Kokkos::View::initialization [Physics::BCCoeffs::Reflect::y] via memset
 (ParFor)   0.000005 1 0.000005 0.000595 0.000453
- Kokkos::View::initialization [QuadRuleAbscissae_mirror] via memset
 (ParFor)   0.000003 1 0.000003 0.000340 0.000259
- Kokkos::View::initialization [Stencil::subIdx_mirror] via memset
 (ParFor)   0.000002 1 0.000002 0.000255 0.000194
- Kokkos::View::initialization [Physics::BCCoeffs::Reflect::x_mirror] via memset
 (ParFor)   0.000002 1 0.000002 0.000227 0.000173
- Kokkos::View::initialization [Physics::BCCoeffs::Reflect::y_mirror] via memset
 (ParFor)   0.000001 1 0.000001 0.000142 0.000108
- Kokkos::View::initialization [Stencil::faceWeights_mirror] via memset
 (ParFor)   0.000001 1 0.000001 0.000142 0.000108
- Kokkos::View::initialization [Stencil::derivWeights_mirror] via memset
 (ParFor)   0.000001 1 0.000001 0.000113 0.000086
- Kokkos::View::initialization [Physics::BCCoeffs::Reflect::z_mirror] via memset
 (ParFor)   0.000001 1 0.000001 0.000113 0.000086
- Kokkos::View::initialization [Stencil::lOff_mirror] via memset
 (ParFor)   0.000001 1 0.000001 0.000113 0.000086
- Kokkos::View::initialization [QuadRuleWeights_mirror] via memset
 (ParFor)   0.000001 1 0.000001 0.000113 0.000086
- Kokkos::View::initialization [Stencil::ttOff_mirror] via memset
 (ParFor)   0.000001 1 0.000001 0.000113 0.000086
- Kokkos::View::initialization [Stencil::tOff_mirror] via memset
 (ParFor)   0.000000 1 0.000000 0.000000 0.000000

-------------------------------------------------------------------------
Summary:

Total Execution Time (incl. Kokkos + non-Kokkos):                   1.10445 seconds
Total Time in Kokkos kernels:                                       0.84184 seconds
   -> Time outside Kokkos kernels:                                  0.26261 seconds
   -> Percentage in Kokkos kernels:                                   76.22 %
Total Calls to Kokkos Kernels:                                         6864

-------------------------------------------------------------------------
